2026.04.14 21:53:46 WARN  Using H2 2.4.240 which is newer than the version Flyway has been verified with. The latest verified version of H2 is 2.3.232.
2026.04.14 21:55:23 WARN  no build target for: /home/ryan/Projects/splitbite/server/app/services/RedisService.scala
2026.04.14 21:55:23 INFO  no build target found for /home/ryan/Projects/splitbite/server/app/services/RedisService.scala. Using presentation compiler with project's scala-library version: 3.3.7
2026.04.14 21:55:24 INFO  no build target found for /home/ryan/Projects/splitbite/server/app/services/RedisService.scala. Using presentation compiler with project's scala-library version: 3.3.7
Apr 14, 2026 9:55:24 PM org.eclipse.lsp4j.jsonrpc.RemoteEndpoint handleCancellation
WARNING: Unmatched cancel notification for request id 3
2026.04.14 21:55:24 INFO  no build target found for /home/ryan/Projects/splitbite/server/app/services/RedisService.scala. Using presentation compiler with project's scala-library version: 3.3.7
2026.04.14 21:55:54 INFO  no build target found for /home/ryan/Projects/splitbite/server/app/services/RedisService.scala. Using presentation compiler with project's scala-library version: 3.3.7
2026.04.14 21:55:54 INFO  no build target found for /home/ryan/Projects/splitbite/server/app/services/RedisService.scala. Using presentation compiler with project's scala-library version: 3.3.7
2026.04.14 21:55:54 INFO  no build target found for /home/ryan/Projects/splitbite/server/app/services/RedisService.scala. Using presentation compiler with project's scala-library version: 3.3.7
2026.04.14 21:55:54 INFO  no build target found for /home/ryan/Projects/splitbite/server/app/services/RedisService.scala. Using presentation compiler with project's scala-library version: 3.3.7
2026.04.14 21:55:54 INFO  no build target found for /home/ryan/Projects/splitbite/server/app/services/RedisService.scala. Using presentation compiler with project's scala-library version: 3.3.7
2026.04.14 21:55:54 INFO  no build target found for /home/ryan/Projects/splitbite/server/app/services/RedisService.scala. Using presentation compiler with project's scala-library version: 3.3.7
2026.04.14 21:55:54 INFO  no build target found for /home/ryan/Projects/splitbite/server/app/services/RedisService.scala. Using presentation compiler with project's scala-library version: 3.3.7
Apr 14, 2026 9:55:55 PM org.eclipse.lsp4j.jsonrpc.RemoteEndpoint handleCancellation
WARNING: Unmatched cancel notification for request id 19
2026.04.14 21:55:54 INFO  no build target found for /home/ryan/Projects/splitbite/server/app/services/RedisService.scala. Using presentation compiler with project's scala-library version: 3.3.7
2026.04.14 21:55:55 INFO  no build target found for /home/ryan/Projects/splitbite/server/app/services/RedisService.scala. Using presentation compiler with project's scala-library version: 3.3.7
2026.04.14 21:55:55 INFO  no build target found for /home/ryan/Projects/splitbite/server/app/services/RedisService.scala. Using presentation compiler with project's scala-library version: 3.3.7
2026.04.14 21:55:55 INFO  no build target found for /home/ryan/Projects/splitbite/server/app/services/RedisService.scala. Using presentation compiler with project's scala-library version: 3.3.7
2026.04.14 21:55:55 INFO  no build target found for /home/ryan/Projects/splitbite/server/app/services/RedisService.scala. Using presentation compiler with project's scala-library version: 3.3.7
Apr 14, 2026 9:55:55 PM org.eclipse.lsp4j.jsonrpc.RemoteEndpoint handleCancellation
WARNING: Unmatched cancel notification for request id 22
2026.04.14 21:55:59 INFO  no build target found for /home/ryan/Projects/splitbite/server/app/services/RedisService.scala. Using presentation compiler with project's scala-library version: 3.3.7
2026.04.14 21:56:12 INFO  no build target found for /home/ryan/Projects/splitbite/server/app/services/RedisService.scala. Using presentation compiler with project's scala-library version: 3.3.7
2026.04.14 21:56:12 INFO  no build target found for /home/ryan/Projects/splitbite/server/app/services/RedisService.scala. Using presentation compiler with project's scala-library version: 3.3.7
2026.04.14 21:56:21 INFO  no build target found for /home/ryan/Projects/splitbite/server/app/services/RedisService.scala. Using presentation compiler with project's scala-library version: 3.3.7
2026.04.14 21:56:38 INFO  no build target found for /home/ryan/Projects/splitbite/server/project/plugins.sbt. Using presentation compiler with project's scala-library version: 3.3.7
2026.04.14 21:56:48 INFO  no build target found for /home/ryan/Projects/splitbite/server/build.sbt. Using presentation compiler with project's scala-library version: 3.3.7
2026.04.14 21:57:08 INFO  no build target found for /home/ryan/Projects/splitbite/server/app/models/RoomData.scala. Using presentation compiler with project's scala-library version: 3.3.7
2026.04.14 21:57:31 INFO  no build target found for /home/ryan/Projects/splitbite/server/app/services/RedisService.scala. Using presentation compiler with project's scala-library version: 3.3.7
2026.04.14 21:57:36 INFO  no build target found for /home/ryan/Projects/splitbite/server/app/controllers/RoomController.scala. Using presentation compiler with project's scala-library version: 3.3.7
2026.04.14 21:57:58 INFO  no build target found for /home/ryan/Projects/splitbite/server/app/controllers/HomeController.scala. Using presentation compiler with project's scala-library version: 3.3.7
2026.04.14 21:58:00 INFO  no build target found for /home/ryan/Projects/splitbite/server/app/actors/ClientActor.scala. Using presentation compiler with project's scala-library version: 3.3.7
2026.04.14 21:58:02 INFO  no build target found for /home/ryan/Projects/splitbite/server/app/controllers/WebSocketController.scala. Using presentation compiler with project's scala-library version: 3.3.7
2026.04.14 22:00:17 INFO  no build target found for /home/ryan/Projects/splitbite/server/project/plugins.sbt. Using presentation compiler with project's scala-library version: 3.3.7
2026.04.14 22:00:17 INFO  no build target found for /home/ryan/Projects/splitbite/server/build.sbt. Using presentation compiler with project's scala-library version: 3.3.7
2026.04.14 22:00:17 INFO  no build target found for /home/ryan/Projects/splitbite/server/app/models/RoomData.scala. Using presentation compiler with project's scala-library version: 3.3.7
2026.04.14 22:16:13 INFO  no build target found for /home/ryan/Projects/splitbite/server/app/controllers/RoomController.scala. Using presentation compiler with project's scala-library version: 3.3.7
2026.04.14 22:21:00 INFO  no build target found for /home/ryan/Projects/splitbite/server/app/controllers/RoomController.scala. Using presentation compiler with project's scala-library version: 3.3.7
2026.04.14 22:24:46 INFO  no build target found for /home/ryan/Projects/splitbite/server/app/controllers/RoomController.scala. Using presentation compiler with project's scala-library version: 3.3.7
2026.04.14 22:32:23 WARN  no build target for: /home/ryan/Projects/splitbite/server/app/actors/RoomManagerActor.scala
2026.04.14 22:32:23 INFO  no build target found for /home/ryan/Projects/splitbite/server/app/actors/RoomManagerActor.scala. Using presentation compiler with project's scala-library version: 3.3.7
2026.04.14 22:32:23 INFO  no build target found for /home/ryan/Projects/splitbite/server/app/actors/RoomManagerActor.scala. Using presentation compiler with project's scala-library version: 3.3.7
2026.04.14 22:32:23 INFO  no build target found for /home/ryan/Projects/splitbite/server/app/actors/RoomManagerActor.scala. Using presentation compiler with project's scala-library version: 3.3.7
2026.04.14 22:32:23 INFO  no build target found for /home/ryan/Projects/splitbite/server/app/actors/RoomManagerActor.scala. Using presentation compiler with project's scala-library version: 3.3.7
2026.04.14 22:32:28 WARN  no build target for: /home/ryan/Projects/splitbite/server/app/modules/ActorModule.scala
2026.04.14 22:32:28 INFO  no build target found for /home/ryan/Projects/splitbite/server/app/modules/ActorModule.scala. Using presentation compiler with project's scala-library version: 3.3.7
2026.04.14 22:32:28 INFO  no build target found for /home/ryan/Projects/splitbite/server/app/modules/ActorModule.scala. Using presentation compiler with project's scala-library version: 3.3.7
2026.04.14 22:32:28 INFO  no build target found for /home/ryan/Projects/splitbite/server/app/modules/ActorModule.scala. Using presentation compiler with project's scala-library version: 3.3.7
2026.04.14 22:32:28 INFO  no build target found for /home/ryan/Projects/splitbite/server/app/modules/ActorModule.scala. Using presentation compiler with project's scala-library version: 3.3.7
2026.04.14 22:32:37 WARN  no build target for: /home/ryan/Projects/splitbite/server/app/controllers/WebSocketController.scala
2026.04.14 22:32:37 INFO  no build target found for /home/ryan/Projects/splitbite/server/app/controllers/WebSocketController.scala. Using presentation compiler with project's scala-library version: 3.3.7
2026.04.14 22:32:37 INFO  no build target found for /home/ryan/Projects/splitbite/server/app/controllers/WebSocketController.scala. Using presentation compiler with project's scala-library version: 3.3.7
2026.04.14 22:32:38 INFO  no build target found for /home/ryan/Projects/splitbite/server/app/controllers/WebSocketController.scala. Using presentation compiler with project's scala-library version: 3.3.7
2026.04.14 22:32:37 INFO  no build target found for /home/ryan/Projects/splitbite/server/app/controllers/WebSocketController.scala. Using presentation compiler with project's scala-library version: 3.3.7
2026.04.14 22:33:24 INFO  no build target found for /home/ryan/Projects/splitbite/server/app/controllers/WebSocketController.scala. Using presentation compiler with project's scala-library version: 3.3.7
2026.04.14 22:33:24 INFO  no build target found for /home/ryan/Projects/splitbite/server/app/controllers/WebSocketController.scala. Using presentation compiler with project's scala-library version: 3.3.7
2026.04.14 22:33:51 INFO  no build target found for /home/ryan/Projects/splitbite/server/app/actors/ClientActor.scala. Using presentation compiler with project's scala-library version: 3.3.7
2026.04.14 22:36:53 INFO  no build target found for /home/ryan/Projects/splitbite/server/app/controllers/WebSocketController.scala. Using presentation compiler with project's scala-library version: 3.3.7
2026.04.14 22:37:12 INFO  no build target found for /home/ryan/Projects/splitbite/server/app/controllers/WebSocketController.scala. Using presentation compiler with project's scala-library version: 3.3.7
2026.04.14 22:37:12 INFO  no build target found for /home/ryan/Projects/splitbite/server/app/controllers/WebSocketController.scala. Using presentation compiler with project's scala-library version: 3.3.7
2026.04.14 22:40:22 INFO  no build target found for /home/ryan/Projects/splitbite/server/app/actors/ClientActor.scala. Using presentation compiler with project's scala-library version: 3.3.7
2026.04.14 22:43:51 INFO  no build target found for /home/ryan/Projects/splitbite/server/app/actors/ClientActor.scala. Using presentation compiler with project's scala-library version: 3.3.7
2026.04.14 22:50:28 INFO  no build target found for /home/ryan/Projects/splitbite/server/app/actors/ClientActor.scala. Using presentation compiler with project's scala-library version: 3.3.7
2026.04.14 22:53:45 INFO  no build target found for /home/ryan/Projects/splitbite/server/app/actors/ClientActor.scala. Using presentation compiler with project's scala-library version: 3.3.7
2026.04.14 22:56:40 INFO  no build target found for /home/ryan/Projects/splitbite/server/app/controllers/WebSocketController.scala. Using presentation compiler with project's scala-library version: 3.3.7
2026.04.14 22:56:40 INFO  no build target found for /home/ryan/Projects/splitbite/server/app/modules/ActorModule.scala. Using presentation compiler with project's scala-library version: 3.3.7
2026.04.14 22:56:40 INFO  no build target found for /home/ryan/Projects/splitbite/server/app/actors/RoomManagerActor.scala. Using presentation compiler with project's scala-library version: 3.3.7
